<?xml version="1.0" encoding="UTF-8"?>
<robot generator="Robot 7.3.2 (Python 3.12.5 on win32)" generated="2025-11-17T23:59:53.598556" rpa="false" schemaversion="5">
<suite id="s1" name="Src" source="C:\Users\veeti\Desktop\ohtu-palautusrepositorio\viikko3\login\src">
<suite id="s1-s1" name="Tests" source="C:\Users\veeti\Desktop\ohtu-palautusrepositorio\viikko3\login\src\tests">
<suite id="s1-s1-s1" name="Home" source="C:\Users\veeti\Desktop\ohtu-palautusrepositorio\viikko3\login\src\tests\home.robot">
<kw name="Open And Configure Browser" owner="resource" type="SETUP">
<if>
<branch type="IF" condition="$BROWSER == 'chrome'">
<kw name="Evaluate" owner="BuiltIn">
<msg time="2025-11-17T23:59:54.022512" level="INFO">${options} = &lt;selenium.webdriver.chrome.options.Options object at 0x00000254608342C0&gt;</msg>
<var>${options}</var>
<arg>sys.modules['selenium.webdriver'].ChromeOptions()</arg>
<arg>sys</arg>
<doc>Evaluates the given expression in Python and returns the result.</doc>
<status status="PASS" start="2025-11-17T23:59:54.022512" elapsed="0.000000"/>
</kw>
<kw name="Call Method" owner="BuiltIn">
<arg>${options}</arg>
<arg>add_argument</arg>
<arg>--incognito</arg>
<doc>Calls the named method of the given object with the provided arguments.</doc>
<status status="PASS" start="2025-11-17T23:59:54.022512" elapsed="0.001340"/>
</kw>
<status status="PASS" start="2025-11-17T23:59:54.020514" elapsed="0.003338"/>
</branch>
<branch type="ELSE IF" condition="$BROWSER == 'firefox'">
<kw name="Evaluate" owner="BuiltIn">
<var>${options}</var>
<arg>sys.modules['selenium.webdriver'].FirefoxOptions()</arg>
<arg>sys</arg>
<doc>Evaluates the given expression in Python and returns the result.</doc>
<status status="NOT RUN" start="2025-11-17T23:59:54.023852" elapsed="0.000000"/>
</kw>
<kw name="Call Method" owner="BuiltIn">
<arg>${options}</arg>
<arg>add_argument</arg>
<arg>--private-window</arg>
<doc>Calls the named method of the given object with the provided arguments.</doc>
<status status="NOT RUN" start="2025-11-17T23:59:54.023852" elapsed="0.000000"/>
</kw>
<status status="NOT RUN" start="2025-11-17T23:59:54.023852" elapsed="0.000000"/>
</branch>
<status status="PASS" start="2025-11-17T23:59:54.020514" elapsed="0.003338"/>
</if>
<if>
<branch type="IF" condition="$HEADLESS == 'true'">
<kw name="Set Selenium Speed" owner="SeleniumLibrary">
<arg>0.05 seconds</arg>
<doc>Sets the delay that is waited after each Selenium command.</doc>
<status status="PASS" start="2025-11-17T23:59:54.024851" elapsed="0.000000"/>
</kw>
<kw name="Call Method" owner="BuiltIn">
<arg>${options}</arg>
<arg>add_argument</arg>
<arg>--headless</arg>
<doc>Calls the named method of the given object with the provided arguments.</doc>
<status status="PASS" start="2025-11-17T23:59:54.024851" elapsed="0.000000"/>
</kw>
<status status="PASS" start="2025-11-17T23:59:54.023852" elapsed="0.000999"/>
</branch>
<branch type="ELSE">
<kw name="Set Selenium Speed" owner="SeleniumLibrary">
<arg>${DELAY}</arg>
<doc>Sets the delay that is waited after each Selenium command.</doc>
<status status="NOT RUN" start="2025-11-17T23:59:54.024851" elapsed="0.000000"/>
</kw>
<status status="NOT RUN" start="2025-11-17T23:59:54.024851" elapsed="0.000000"/>
</branch>
<status status="PASS" start="2025-11-17T23:59:54.023852" elapsed="0.002000"/>
</if>
<kw name="Open Browser" owner="SeleniumLibrary">
<msg time="2025-11-17T23:59:54.025852" level="INFO">Opening browser 'chrome' to base url 'None'.</msg>
<arg>browser=${BROWSER}</arg>
<arg>options=${options}</arg>
<doc>Opens a new browser instance to the optional ``url``.</doc>
<status status="PASS" start="2025-11-17T23:59:54.025852" elapsed="1.548442"/>
</kw>
<status status="PASS" start="2025-11-17T23:59:54.020514" elapsed="1.553780"/>
</kw>
<test id="s1-s1-s1-t1" name="Click Login Link" line="8">
<kw name="Reset Application And Go To Starting Page" type="SETUP">
<kw name="Reset Application" owner="AppLibrary">
<status status="PASS" start="2025-11-17T23:59:55.575294" elapsed="2.044609"/>
</kw>
<kw name="Go To Starting Page" owner="resource">
<kw name="Go To" owner="SeleniumLibrary">
<msg time="2025-11-17T23:59:57.620903" level="INFO">Opening url 'http://localhost:5001/'</msg>
<arg>${HOME_URL}</arg>
<doc>Navigates the current browser window to the provided ``url``.</doc>
<status status="PASS" start="2025-11-17T23:59:57.620903" elapsed="0.451475"/>
</kw>
<status status="PASS" start="2025-11-17T23:59:57.620903" elapsed="0.451475"/>
</kw>
<status status="PASS" start="2025-11-17T23:59:55.575294" elapsed="2.497084"/>
</kw>
<kw name="Click Link" owner="SeleniumLibrary">
<msg time="2025-11-17T23:59:58.073382" level="INFO">Clicking link 'Login'.</msg>
<arg>Login</arg>
<doc>Clicks a link identified by ``locator``.</doc>
<status status="PASS" start="2025-11-17T23:59:58.072378" elapsed="0.408738"/>
</kw>
<kw name="Login Page Should Be Open" owner="resource">
<kw name="Title Should Be" owner="SeleniumLibrary">
<msg time="2025-11-17T23:59:58.543535" level="INFO">Page title is 'Login'.</msg>
<arg>Login</arg>
<doc>Verifies that the current page title equals ``title``.</doc>
<status status="PASS" start="2025-11-17T23:59:58.482570" elapsed="0.060965"/>
</kw>
<status status="PASS" start="2025-11-17T23:59:58.482034" elapsed="0.061501"/>
</kw>
<status status="PASS" start="2025-11-17T23:59:55.574294" elapsed="2.969241"/>
</test>
<test id="s1-s1-s1-t2" name="Click Register Link" line="12">
<kw name="Reset Application And Go To Starting Page" type="SETUP">
<kw name="Reset Application" owner="AppLibrary">
<status status="PASS" start="2025-11-17T23:59:58.546566" elapsed="2.053408"/>
</kw>
<kw name="Go To Starting Page" owner="resource">
<kw name="Go To" owner="SeleniumLibrary">
<msg time="2025-11-18T00:00:00.600976" level="INFO">Opening url 'http://localhost:5001/'</msg>
<arg>${HOME_URL}</arg>
<doc>Navigates the current browser window to the provided ``url``.</doc>
<status status="PASS" start="2025-11-18T00:00:00.600976" elapsed="0.406480"/>
</kw>
<status status="PASS" start="2025-11-18T00:00:00.599974" elapsed="0.407482"/>
</kw>
<status status="PASS" start="2025-11-17T23:59:58.545541" elapsed="2.461915"/>
</kw>
<kw name="Click Link" owner="SeleniumLibrary">
<msg time="2025-11-18T00:00:01.007456" level="INFO">Clicking link 'Register new user'.</msg>
<arg>Register new user</arg>
<doc>Clicks a link identified by ``locator``.</doc>
<status status="PASS" start="2025-11-18T00:00:01.007456" elapsed="0.304467"/>
</kw>
<kw name="Register Page Should Be Open" owner="resource">
<kw name="Title Should Be" owner="SeleniumLibrary">
<msg time="2025-11-18T00:00:01.370987" level="INFO">Page title is 'Register'.</msg>
<arg>Register</arg>
<doc>Verifies that the current page title equals ``title``.</doc>
<status status="PASS" start="2025-11-18T00:00:01.312927" elapsed="0.058060"/>
</kw>
<status status="PASS" start="2025-11-18T00:00:01.311923" elapsed="0.059594"/>
</kw>
<status status="PASS" start="2025-11-17T23:59:58.545541" elapsed="2.826491"/>
</test>
<kw name="Close Browser" owner="SeleniumLibrary" type="TEARDOWN">
<doc>Closes the current browser.</doc>
<status status="PASS" start="2025-11-18T00:00:01.373631" elapsed="2.190769"/>
</kw>
<status status="PASS" start="2025-11-17T23:59:53.664992" elapsed="9.899408"/>
</suite>
<suite id="s1-s1-s2" name="Login" source="C:\Users\veeti\Desktop\ohtu-palautusrepositorio\viikko3\login\src\tests\login.robot">
<kw name="Open And Configure Browser" owner="resource" type="SETUP">
<if>
<branch type="IF" condition="$BROWSER == 'chrome'">
<kw name="Evaluate" owner="BuiltIn">
<msg time="2025-11-18T00:00:03.589427" level="INFO">${options} = &lt;selenium.webdriver.chrome.options.Options object at 0x0000025460853E30&gt;</msg>
<var>${options}</var>
<arg>sys.modules['selenium.webdriver'].ChromeOptions()</arg>
<arg>sys</arg>
<doc>Evaluates the given expression in Python and returns the result.</doc>
<status status="PASS" start="2025-11-18T00:00:03.588427" elapsed="0.001000"/>
</kw>
<kw name="Call Method" owner="BuiltIn">
<arg>${options}</arg>
<arg>add_argument</arg>
<arg>--incognito</arg>
<doc>Calls the named method of the given object with the provided arguments.</doc>
<status status="PASS" start="2025-11-18T00:00:03.589427" elapsed="0.001000"/>
</kw>
<status status="PASS" start="2025-11-18T00:00:03.587428" elapsed="0.002999"/>
</branch>
<branch type="ELSE IF" condition="$BROWSER == 'firefox'">
<kw name="Evaluate" owner="BuiltIn">
<var>${options}</var>
<arg>sys.modules['selenium.webdriver'].FirefoxOptions()</arg>
<arg>sys</arg>
<doc>Evaluates the given expression in Python and returns the result.</doc>
<status status="NOT RUN" start="2025-11-18T00:00:03.590427" elapsed="0.000000"/>
</kw>
<kw name="Call Method" owner="BuiltIn">
<arg>${options}</arg>
<arg>add_argument</arg>
<arg>--private-window</arg>
<doc>Calls the named method of the given object with the provided arguments.</doc>
<status status="NOT RUN" start="2025-11-18T00:00:03.590427" elapsed="0.001000"/>
</kw>
<status status="NOT RUN" start="2025-11-18T00:00:03.590427" elapsed="0.001000"/>
</branch>
<status status="PASS" start="2025-11-18T00:00:03.587428" elapsed="0.003999"/>
</if>
<if>
<branch type="IF" condition="$HEADLESS == 'true'">
<kw name="Set Selenium Speed" owner="SeleniumLibrary">
<arg>0.05 seconds</arg>
<doc>Sets the delay that is waited after each Selenium command.</doc>
<status status="PASS" start="2025-11-18T00:00:03.591427" elapsed="0.003025"/>
</kw>
<kw name="Call Method" owner="BuiltIn">
<arg>${options}</arg>
<arg>add_argument</arg>
<arg>--headless</arg>
<doc>Calls the named method of the given object with the provided arguments.</doc>
<status status="PASS" start="2025-11-18T00:00:03.595427" elapsed="0.000000"/>
</kw>
<status status="PASS" start="2025-11-18T00:00:03.591427" elapsed="0.004000"/>
</branch>
<branch type="ELSE">
<kw name="Set Selenium Speed" owner="SeleniumLibrary">
<arg>${DELAY}</arg>
<doc>Sets the delay that is waited after each Selenium command.</doc>
<status status="NOT RUN" start="2025-11-18T00:00:03.596577" elapsed="0.000000"/>
</kw>
<status status="NOT RUN" start="2025-11-18T00:00:03.595427" elapsed="0.001150"/>
</branch>
<status status="PASS" start="2025-11-18T00:00:03.591427" elapsed="0.005150"/>
</if>
<kw name="Open Browser" owner="SeleniumLibrary">
<msg time="2025-11-18T00:00:03.597569" level="INFO">Opening browser 'chrome' to base url 'None'.</msg>
<arg>browser=${BROWSER}</arg>
<arg>options=${options}</arg>
<doc>Opens a new browser instance to the optional ``url``.</doc>
<status status="PASS" start="2025-11-18T00:00:03.596577" elapsed="1.506198"/>
</kw>
<status status="PASS" start="2025-11-18T00:00:03.587428" elapsed="1.515347"/>
</kw>
<test id="s1-s1-s2-t1" name="Login With Correct Credentials" line="8">
<kw name="Reset Application Create User And Go To Login Page" type="SETUP">
<kw name="Reset Application" owner="AppLibrary">
<status status="PASS" start="2025-11-18T00:00:05.104022" elapsed="2.041434"/>
</kw>
<kw name="Create User" owner="AppLibrary">
<arg>kalle</arg>
<arg>kalle123</arg>
<status status="PASS" start="2025-11-18T00:00:07.146456" elapsed="4.126916"/>
</kw>
<kw name="Go To Login Page" owner="resource">
<kw name="Go To" owner="SeleniumLibrary">
<msg time="2025-11-18T00:00:11.276385" level="INFO">Opening url 'http://localhost:5001/login'</msg>
<arg>${LOGIN_URL}</arg>
<doc>Navigates the current browser window to the provided ``url``.</doc>
<status status="PASS" start="2025-11-18T00:00:11.276385" elapsed="0.458887"/>
</kw>
<status status="PASS" start="2025-11-18T00:00:11.275389" elapsed="0.460388"/>
</kw>
<status status="PASS" start="2025-11-18T00:00:05.102775" elapsed="6.633002"/>
</kw>
<kw name="Set Username">
<kw name="Input Text" owner="SeleniumLibrary">
<msg time="2025-11-18T00:00:11.737983" level="INFO">Typing text 'kalle' into text field 'username'.</msg>
<arg>username</arg>
<arg>${username}</arg>
<doc>Types the given ``text`` into the text field identified by ``locator``.</doc>
<status status="PASS" start="2025-11-18T00:00:11.736929" elapsed="0.335270"/>
</kw>
<arg>kalle</arg>
<status status="PASS" start="2025-11-18T00:00:11.736929" elapsed="0.335776"/>
</kw>
<kw name="Set Password">
<kw name="Input Password" owner="SeleniumLibrary">
<msg time="2025-11-18T00:00:12.072705" level="INFO">Typing password into text field 'password'.</msg>
<msg time="2025-11-18T00:00:12.250345" level="INFO">Temporally setting log level to: NONE</msg>
<arg>password</arg>
<arg>${password}</arg>
<doc>Types the given password into the text field identified by ``locator``.</doc>
<status status="PASS" start="2025-11-18T00:00:12.072705" elapsed="0.334007"/>
</kw>
<arg>kalle123</arg>
<status status="PASS" start="2025-11-18T00:00:12.072705" elapsed="0.334007"/>
</kw>
<kw name="Click Button" owner="SeleniumLibrary">
<msg time="2025-11-18T00:00:12.407729" level="INFO">Clicking button 'Login'.</msg>
<arg>Login</arg>
<doc>Clicks the button identified by ``locator``.</doc>
<status status="PASS" start="2025-11-18T00:00:12.407729" elapsed="0.850703"/>
</kw>
<kw name="Login Should Succeed">
<kw name="Main Page Should Be Open" owner="resource">
<kw name="Title Should Be" owner="SeleniumLibrary">
<msg time="2025-11-18T00:00:13.321284" level="INFO">Page title is 'Ohtu Application main page'.</msg>
<arg>Ohtu Application main page</arg>
<doc>Verifies that the current page title equals ``title``.</doc>
<status status="PASS" start="2025-11-18T00:00:13.261834" elapsed="0.059450"/>
</kw>
<status status="PASS" start="2025-11-18T00:00:13.260806" elapsed="0.060478"/>
</kw>
<status status="PASS" start="2025-11-18T00:00:13.258432" elapsed="0.062852"/>
</kw>
<status status="PASS" start="2025-11-18T00:00:05.102775" elapsed="8.225524"/>
</test>
<test id="s1-s1-s2-t2" name="Login With Incorrect Password" line="14">
<kw name="Reset Application Create User And Go To Login Page" type="SETUP">
<kw name="Reset Application" owner="AppLibrary">
<status status="PASS" start="2025-11-18T00:00:13.332364" elapsed="2.051319"/>
</kw>
<kw name="Create User" owner="AppLibrary">
<arg>kalle</arg>
<arg>kalle123</arg>
<status status="PASS" start="2025-11-18T00:00:15.384649" elapsed="4.093820"/>
</kw>
<kw name="Go To Login Page" owner="resource">
<kw name="Go To" owner="SeleniumLibrary">
<msg time="2025-11-18T00:00:19.481488" level="INFO">Opening url 'http://localhost:5001/login'</msg>
<arg>${LOGIN_URL}</arg>
<doc>Navigates the current browser window to the provided ``url``.</doc>
<status status="PASS" start="2025-11-18T00:00:19.480488" elapsed="0.090508"/>
</kw>
<status status="PASS" start="2025-11-18T00:00:19.479489" elapsed="0.091507"/>
</kw>
<status status="PASS" start="2025-11-18T00:00:13.331422" elapsed="6.239574"/>
</kw>
<kw name="Set Username">
<kw name="Input Text" owner="SeleniumLibrary">
<msg time="2025-11-18T00:00:19.573005" level="INFO">Typing text 'kalle' into text field 'username'.</msg>
<arg>username</arg>
<arg>${username}</arg>
<doc>Types the given ``text`` into the text field identified by ``locator``.</doc>
<status status="PASS" start="2025-11-18T00:00:19.572006" elapsed="0.322823"/>
</kw>
<arg>kalle</arg>
<status status="PASS" start="2025-11-18T00:00:19.572006" elapsed="0.322823"/>
</kw>
<kw name="Set Password">
<kw name="Input Password" owner="SeleniumLibrary">
<msg time="2025-11-18T00:00:19.895337" level="INFO">Typing password into text field 'password'.</msg>
<msg time="2025-11-18T00:00:20.058116" level="INFO">Temporally setting log level to: NONE</msg>
<arg>password</arg>
<arg>${password}</arg>
<doc>Types the given password into the text field identified by ``locator``.</doc>
<status status="PASS" start="2025-11-18T00:00:19.895337" elapsed="0.304426"/>
</kw>
<arg>kalle456</arg>
<status status="PASS" start="2025-11-18T00:00:19.895337" elapsed="0.304426"/>
</kw>
<kw name="Click Button" owner="SeleniumLibrary">
<msg time="2025-11-18T00:00:20.202779" level="INFO">Clicking button 'Login'.</msg>
<arg>Login</arg>
<doc>Clicks the button identified by ``locator``.</doc>
<status status="PASS" start="2025-11-18T00:00:20.202779" elapsed="0.963843"/>
</kw>
<kw name="Login Should Fail With Message">
<kw name="Login Page Should Be Open" owner="resource">
<kw name="Title Should Be" owner="SeleniumLibrary">
<msg time="2025-11-18T00:00:21.235063" level="INFO">Page title is 'Login'.</msg>
<arg>Login</arg>
<doc>Verifies that the current page title equals ``title``.</doc>
<status status="PASS" start="2025-11-18T00:00:21.170699" elapsed="0.064364"/>
</kw>
<status status="PASS" start="2025-11-18T00:00:21.170699" elapsed="0.065374"/>
</kw>
<kw name="Page Should Contain" owner="SeleniumLibrary">
<msg time="2025-11-18T00:00:21.378383" level="INFO">Current page contains text 'Invalid username or password'.</msg>
<arg>${message}</arg>
<doc>Verifies that current page contains ``text``.</doc>
<status status="PASS" start="2025-11-18T00:00:21.236073" elapsed="0.142310"/>
</kw>
<arg>Invalid username or password</arg>
<status status="PASS" start="2025-11-18T00:00:21.167702" elapsed="0.210681"/>
</kw>
<status status="PASS" start="2025-11-18T00:00:13.330297" elapsed="8.049549"/>
</test>
<test id="s1-s1-s2-t3" name="Login With Nonexistent Username" line="20">
<kw name="Reset Application Create User And Go To Login Page" type="SETUP">
<kw name="Reset Application" owner="AppLibrary">
<status status="PASS" start="2025-11-18T00:00:21.384955" elapsed="2.033245"/>
</kw>
<kw name="Create User" owner="AppLibrary">
<arg>kalle</arg>
<arg>kalle123</arg>
<status status="PASS" start="2025-11-18T00:00:23.419200" elapsed="4.107967"/>
</kw>
<kw name="Go To Login Page" owner="resource">
<kw name="Go To" owner="SeleniumLibrary">
<msg time="2025-11-18T00:00:27.529791" level="INFO">Opening url 'http://localhost:5001/login'</msg>
<arg>${LOGIN_URL}</arg>
<doc>Navigates the current browser window to the provided ``url``.</doc>
<status status="PASS" start="2025-11-18T00:00:27.529791" elapsed="0.087947"/>
</kw>
<status status="PASS" start="2025-11-18T00:00:27.528650" elapsed="0.089088"/>
</kw>
<status status="PASS" start="2025-11-18T00:00:21.384380" elapsed="6.233358"/>
</kw>
<kw name="Set Username">
<kw name="Input Text" owner="SeleniumLibrary">
<msg time="2025-11-18T00:00:27.618745" level="INFO">Typing text 'lauri' into text field 'username'.</msg>
<arg>username</arg>
<arg>${username}</arg>
<doc>Types the given ``text`` into the text field identified by ``locator``.</doc>
<status status="PASS" start="2025-11-18T00:00:27.618745" elapsed="0.322643"/>
</kw>
<arg>lauri</arg>
<status status="PASS" start="2025-11-18T00:00:27.617738" elapsed="0.323650"/>
</kw>
<kw name="Set Password">
<kw name="Input Password" owner="SeleniumLibrary">
<msg time="2025-11-18T00:00:27.945405" level="INFO">Typing password into text field 'password'.</msg>
<msg time="2025-11-18T00:00:28.142317" level="INFO">Temporally setting log level to: NONE</msg>
<arg>password</arg>
<arg>${password}</arg>
<doc>Types the given password into the text field identified by ``locator``.</doc>
<status status="PASS" start="2025-11-18T00:00:27.944405" elapsed="0.341013"/>
</kw>
<arg>lauri123</arg>
<status status="PASS" start="2025-11-18T00:00:27.944405" elapsed="0.341013"/>
</kw>
<kw name="Click Button" owner="SeleniumLibrary">
<msg time="2025-11-18T00:00:28.287771" level="INFO">Clicking button 'Login'.</msg>
<arg>Login</arg>
<doc>Clicks the button identified by ``locator``.</doc>
<status status="PASS" start="2025-11-18T00:00:28.286840" elapsed="1.004202"/>
</kw>
<kw name="Login Should Fail With Message">
<kw name="Login Page Should Be Open" owner="resource">
<kw name="Title Should Be" owner="SeleniumLibrary">
<msg time="2025-11-18T00:00:29.357508" level="INFO">Page title is 'Login'.</msg>
<arg>Login</arg>
<doc>Verifies that the current page title equals ``title``.</doc>
<status status="PASS" start="2025-11-18T00:00:29.296571" elapsed="0.061955"/>
</kw>
<status status="PASS" start="2025-11-18T00:00:29.295625" elapsed="0.062901"/>
</kw>
<kw name="Page Should Contain" owner="SeleniumLibrary">
<msg time="2025-11-18T00:00:29.493028" level="INFO">Current page contains text 'Invalid username or password'.</msg>
<arg>${message}</arg>
<doc>Verifies that current page contains ``text``.</doc>
<status status="PASS" start="2025-11-18T00:00:29.360525" elapsed="0.133173"/>
</kw>
<arg>Invalid username or password</arg>
<status status="PASS" start="2025-11-18T00:00:29.292051" elapsed="0.201647"/>
</kw>
<status status="PASS" start="2025-11-18T00:00:21.380979" elapsed="8.114145"/>
</test>
<kw name="Close Browser" owner="SeleniumLibrary" type="TEARDOWN">
<doc>Closes the current browser.</doc>
<status status="PASS" start="2025-11-18T00:00:29.496123" elapsed="2.194472"/>
</kw>
<status status="PASS" start="2025-11-18T00:00:03.569591" elapsed="28.121004"/>
</suite>
<suite id="s1-s1-s3" name="Register" source="C:\Users\veeti\Desktop\ohtu-palautusrepositorio\viikko3\login\src\tests\register.robot">
<kw name="Open And Configure Browser" owner="resource" type="SETUP">
<if>
<branch type="IF" condition="$BROWSER == 'chrome'">
<kw name="Evaluate" owner="BuiltIn">
<msg time="2025-11-18T00:00:31.708076" level="INFO">${options} = &lt;selenium.webdriver.chrome.options.Options object at 0x0000025460850D10&gt;</msg>
<var>${options}</var>
<arg>sys.modules['selenium.webdriver'].ChromeOptions()</arg>
<arg>sys</arg>
<doc>Evaluates the given expression in Python and returns the result.</doc>
<status status="PASS" start="2025-11-18T00:00:31.707570" elapsed="0.000506"/>
</kw>
<kw name="Call Method" owner="BuiltIn">
<arg>${options}</arg>
<arg>add_argument</arg>
<arg>--incognito</arg>
<doc>Calls the named method of the given object with the provided arguments.</doc>
<status status="PASS" start="2025-11-18T00:00:31.708076" elapsed="0.001216"/>
</kw>
<status status="PASS" start="2025-11-18T00:00:31.707015" elapsed="0.002277"/>
</branch>
<branch type="ELSE IF" condition="$BROWSER == 'firefox'">
<kw name="Evaluate" owner="BuiltIn">
<var>${options}</var>
<arg>sys.modules['selenium.webdriver'].FirefoxOptions()</arg>
<arg>sys</arg>
<doc>Evaluates the given expression in Python and returns the result.</doc>
<status status="NOT RUN" start="2025-11-18T00:00:31.709292" elapsed="0.000000"/>
</kw>
<kw name="Call Method" owner="BuiltIn">
<arg>${options}</arg>
<arg>add_argument</arg>
<arg>--private-window</arg>
<doc>Calls the named method of the given object with the provided arguments.</doc>
<status status="NOT RUN" start="2025-11-18T00:00:31.709292" elapsed="0.000000"/>
</kw>
<status status="NOT RUN" start="2025-11-18T00:00:31.709292" elapsed="0.000000"/>
</branch>
<status status="PASS" start="2025-11-18T00:00:31.707015" elapsed="0.002277"/>
</if>
<if>
<branch type="IF" condition="$HEADLESS == 'true'">
<kw name="Set Selenium Speed" owner="SeleniumLibrary">
<arg>0.05 seconds</arg>
<doc>Sets the delay that is waited after each Selenium command.</doc>
<status status="PASS" start="2025-11-18T00:00:31.709292" elapsed="0.001522"/>
</kw>
<kw name="Call Method" owner="BuiltIn">
<arg>${options}</arg>
<arg>add_argument</arg>
<arg>--headless</arg>
<doc>Calls the named method of the given object with the provided arguments.</doc>
<status status="PASS" start="2025-11-18T00:00:31.711323" elapsed="0.000000"/>
</kw>
<status status="PASS" start="2025-11-18T00:00:31.709292" elapsed="0.002031"/>
</branch>
<branch type="ELSE">
<kw name="Set Selenium Speed" owner="SeleniumLibrary">
<arg>${DELAY}</arg>
<doc>Sets the delay that is waited after each Selenium command.</doc>
<status status="NOT RUN" start="2025-11-18T00:00:31.712332" elapsed="0.000000"/>
</kw>
<status status="NOT RUN" start="2025-11-18T00:00:31.711323" elapsed="0.001009"/>
</branch>
<status status="PASS" start="2025-11-18T00:00:31.709292" elapsed="0.003040"/>
</if>
<kw name="Open Browser" owner="SeleniumLibrary">
<msg time="2025-11-18T00:00:31.713406" level="INFO">Opening browser 'chrome' to base url 'None'.</msg>
<arg>browser=${BROWSER}</arg>
<arg>options=${options}</arg>
<doc>Opens a new browser instance to the optional ``url``.</doc>
<status status="PASS" start="2025-11-18T00:00:31.712332" elapsed="1.460230"/>
</kw>
<status status="PASS" start="2025-11-18T00:00:31.705024" elapsed="1.467538"/>
</kw>
<test id="s1-s1-s3-t1" name="Register With Valid Username And Password" line="9">
<kw name="Reset Application Create User And Go To Register Page" type="SETUP">
<kw name="Reset Application" owner="AppLibrary">
<status status="PASS" start="2025-11-18T00:00:33.174561" elapsed="2.015697"/>
</kw>
<kw name="Create User" owner="AppLibrary">
<arg>kalle</arg>
<arg>kalle123</arg>
<status status="PASS" start="2025-11-18T00:00:35.190258" elapsed="4.120269"/>
</kw>
<kw name="Go To Register Page" owner="resource">
<kw name="Go To" owner="SeleniumLibrary">
<msg time="2025-11-18T00:00:39.313873" level="INFO">Opening url 'http://localhost:5001/register'</msg>
<arg>${REGISTER_URL}</arg>
<doc>Navigates the current browser window to the provided ``url``.</doc>
<status status="PASS" start="2025-11-18T00:00:39.313873" elapsed="0.458956"/>
</kw>
<status status="PASS" start="2025-11-18T00:00:39.312886" elapsed="0.460450"/>
</kw>
<status status="PASS" start="2025-11-18T00:00:33.173562" elapsed="6.599774"/>
</kw>
<kw name="Set Username">
<kw name="Input Text" owner="SeleniumLibrary">
<msg time="2025-11-18T00:00:39.775342" level="INFO">Typing text 'lauri' into text field 'username'.</msg>
<arg>username</arg>
<arg>${username}</arg>
<doc>Types the given ``text`` into the text field identified by ``locator``.</doc>
<status status="PASS" start="2025-11-18T00:00:39.774372" elapsed="0.379605"/>
</kw>
<arg>lauri</arg>
<status status="PASS" start="2025-11-18T00:00:39.773336" elapsed="0.380641"/>
</kw>
<kw name="Set Password">
<kw name="Input Password" owner="SeleniumLibrary">
<msg time="2025-11-18T00:00:40.155981" level="INFO">Typing password into text field 'password'.</msg>
<msg time="2025-11-18T00:00:40.337333" level="INFO">Temporally setting log level to: NONE</msg>
<arg>password</arg>
<arg>${password}</arg>
<doc>Types the given password into the text field identified by ``locator``.</doc>
<status status="PASS" start="2025-11-18T00:00:40.154982" elapsed="0.315091"/>
</kw>
<arg>lauri574</arg>
<status status="PASS" start="2025-11-18T00:00:40.153977" elapsed="0.316096"/>
</kw>
<kw name="Set Password Confirmation">
<kw name="Input Password" owner="SeleniumLibrary">
<msg time="2025-11-18T00:00:40.472351" level="INFO">Typing password into text field 'password_confirmation'.</msg>
<msg time="2025-11-18T00:00:40.675489" level="INFO">Temporally setting log level to: NONE</msg>
<arg>password_confirmation</arg>
<arg>${password}</arg>
<doc>Types the given password into the text field identified by ``locator``.</doc>
<status status="PASS" start="2025-11-18T00:00:40.472351" elapsed="0.350763"/>
</kw>
<arg>lauri574</arg>
<status status="PASS" start="2025-11-18T00:00:40.471234" elapsed="0.352899"/>
</kw>
<kw name="Click Button" owner="SeleniumLibrary">
<msg time="2025-11-18T00:00:40.825207" level="INFO">Clicking button 'Register'.</msg>
<arg>Register</arg>
<doc>Clicks the button identified by ``locator``.</doc>
<status status="PASS" start="2025-11-18T00:00:40.824133" elapsed="0.792945"/>
</kw>
<kw name="Register Should Succeed">
<kw name="Welcome Page Should Be Open" owner="resource">
<kw name="Title Should Be" owner="SeleniumLibrary">
<msg time="2025-11-18T00:00:41.680579" level="INFO">Page title is 'Welcome to Ohtu Application!'.</msg>
<arg>Welcome to Ohtu Application!</arg>
<doc>Verifies that the current page title equals ``title``.</doc>
<status status="PASS" start="2025-11-18T00:00:41.620233" elapsed="0.060346"/>
</kw>
<status status="PASS" start="2025-11-18T00:00:41.618085" elapsed="0.062494"/>
</kw>
<status status="PASS" start="2025-11-18T00:00:41.618085" elapsed="0.062494"/>
</kw>
<status status="PASS" start="2025-11-18T00:00:33.172562" elapsed="8.509233"/>
</test>
<test id="s1-s1-s3-t2" name="Register With Too Short Username And Valid Password" line="17">
<kw name="Reset Application Create User And Go To Register Page" type="SETUP">
<kw name="Reset Application" owner="AppLibrary">
<status status="PASS" start="2025-11-18T00:00:41.684866" elapsed="2.049344"/>
</kw>
<kw name="Create User" owner="AppLibrary">
<arg>kalle</arg>
<arg>kalle123</arg>
<status status="PASS" start="2025-11-18T00:00:43.735665" elapsed="4.075737"/>
</kw>
<kw name="Go To Register Page" owner="resource">
<kw name="Go To" owner="SeleniumLibrary">
<msg time="2025-11-18T00:00:47.812402" level="INFO">Opening url 'http://localhost:5001/register'</msg>
<arg>${REGISTER_URL}</arg>
<doc>Navigates the current browser window to the provided ``url``.</doc>
<status status="PASS" start="2025-11-18T00:00:47.812402" elapsed="0.098044"/>
</kw>
<status status="PASS" start="2025-11-18T00:00:47.812402" elapsed="0.098044"/>
</kw>
<status status="PASS" start="2025-11-18T00:00:41.683817" elapsed="6.226629"/>
</kw>
<kw name="Set Username">
<kw name="Input Text" owner="SeleniumLibrary">
<msg time="2025-11-18T00:00:47.911473" level="INFO">Typing text 'la' into text field 'username'.</msg>
<arg>username</arg>
<arg>${username}</arg>
<doc>Types the given ``text`` into the text field identified by ``locator``.</doc>
<status status="PASS" start="2025-11-18T00:00:47.911473" elapsed="0.338855"/>
</kw>
<arg>la</arg>
<status status="PASS" start="2025-11-18T00:00:47.910446" elapsed="0.339882"/>
</kw>
<kw name="Set Password">
<kw name="Input Password" owner="SeleniumLibrary">
<msg time="2025-11-18T00:00:48.255428" level="INFO">Typing password into text field 'password'.</msg>
<msg time="2025-11-18T00:00:48.449877" level="INFO">Temporally setting log level to: NONE</msg>
<arg>password</arg>
<arg>${password}</arg>
<doc>Types the given password into the text field identified by ``locator``.</doc>
<status status="PASS" start="2025-11-18T00:00:48.254471" elapsed="0.372797"/>
</kw>
<arg>lauri574</arg>
<status status="PASS" start="2025-11-18T00:00:48.251427" elapsed="0.375841"/>
</kw>
<kw name="Set Password Confirmation">
<kw name="Input Password" owner="SeleniumLibrary">
<msg time="2025-11-18T00:00:48.630269" level="INFO">Typing password into text field 'password_confirmation'.</msg>
<msg time="2025-11-18T00:00:48.809628" level="INFO">Temporally setting log level to: NONE</msg>
<arg>password_confirmation</arg>
<arg>${password}</arg>
<doc>Types the given password into the text field identified by ``locator``.</doc>
<status status="PASS" start="2025-11-18T00:00:48.629272" elapsed="0.363240"/>
</kw>
<arg>lauri574</arg>
<status status="PASS" start="2025-11-18T00:00:48.628299" elapsed="0.364213"/>
</kw>
<kw name="Click Button" owner="SeleniumLibrary">
<msg time="2025-11-18T00:00:48.994586" level="INFO">Clicking button 'Register'.</msg>
<arg>Register</arg>
<doc>Clicks the button identified by ``locator``.</doc>
<status status="PASS" start="2025-11-18T00:00:48.993521" elapsed="1.027023"/>
</kw>
<kw name="Register Should Fail With Message">
<kw name="Register Page Should Be Open" owner="resource">
<kw name="Title Should Be" owner="SeleniumLibrary">
<msg time="2025-11-18T00:00:50.091021" level="INFO">Page title is 'Register'.</msg>
<arg>Register</arg>
<doc>Verifies that the current page title equals ``title``.</doc>
<status status="PASS" start="2025-11-18T00:00:50.023655" elapsed="0.067366"/>
</kw>
<status status="PASS" start="2025-11-18T00:00:50.022563" elapsed="0.068969"/>
</kw>
<kw name="Page Should Contain" owner="SeleniumLibrary">
<msg time="2025-11-18T00:00:50.250374" level="INFO">Current page contains text 'Username too short'.</msg>
<arg>${message}</arg>
<doc>Verifies that current page contains ``text``.</doc>
<status status="PASS" start="2025-11-18T00:00:50.091532" elapsed="0.158842"/>
</kw>
<arg>Username too short</arg>
<status status="PASS" start="2025-11-18T00:00:50.021626" elapsed="0.228748"/>
</kw>
<status status="PASS" start="2025-11-18T00:00:41.682818" elapsed="8.568564"/>
</test>
<test id="s1-s1-s3-t3" name="Register With Valid Username And Too Short Password" line="25">
<kw name="Reset Application Create User And Go To Register Page" type="SETUP">
<kw name="Reset Application" owner="AppLibrary">
<status status="PASS" start="2025-11-18T00:00:50.255381" elapsed="2.034100"/>
</kw>
<kw name="Create User" owner="AppLibrary">
<arg>kalle</arg>
<arg>kalle123</arg>
<status status="PASS" start="2025-11-18T00:00:52.291479" elapsed="4.124207"/>
</kw>
<kw name="Go To Register Page" owner="resource">
<kw name="Go To" owner="SeleniumLibrary">
<msg time="2025-11-18T00:00:56.417694" level="INFO">Opening url 'http://localhost:5001/register'</msg>
<arg>${REGISTER_URL}</arg>
<doc>Navigates the current browser window to the provided ``url``.</doc>
<status status="PASS" start="2025-11-18T00:00:56.417694" elapsed="0.087771"/>
</kw>
<status status="PASS" start="2025-11-18T00:00:56.415686" elapsed="0.089779"/>
</kw>
<status status="PASS" start="2025-11-18T00:00:50.254420" elapsed="6.251561"/>
</kw>
<kw name="Set Username">
<kw name="Input Text" owner="SeleniumLibrary">
<msg time="2025-11-18T00:00:56.506994" level="INFO">Typing text 'lauri' into text field 'username'.</msg>
<arg>username</arg>
<arg>${username}</arg>
<doc>Types the given ``text`` into the text field identified by ``locator``.</doc>
<status status="PASS" start="2025-11-18T00:00:56.505981" elapsed="0.331441"/>
</kw>
<arg>lauri</arg>
<status status="PASS" start="2025-11-18T00:00:56.505981" elapsed="0.331441"/>
</kw>
<kw name="Set Password">
<kw name="Input Password" owner="SeleniumLibrary">
<msg time="2025-11-18T00:00:56.839496" level="INFO">Typing password into text field 'password'.</msg>
<msg time="2025-11-18T00:00:57.009279" level="INFO">Temporally setting log level to: NONE</msg>
<arg>password</arg>
<arg>${password}</arg>
<doc>Types the given password into the text field identified by ``locator``.</doc>
<status status="PASS" start="2025-11-18T00:00:56.839496" elapsed="0.306876"/>
</kw>
<arg>lauri5</arg>
<status status="PASS" start="2025-11-18T00:00:56.838504" elapsed="0.307868"/>
</kw>
<kw name="Set Password Confirmation">
<kw name="Input Password" owner="SeleniumLibrary">
<msg time="2025-11-18T00:00:57.149449" level="INFO">Typing password into text field 'password_confirmation'.</msg>
<msg time="2025-11-18T00:00:57.340464" level="INFO">Temporally setting log level to: NONE</msg>
<arg>password_confirmation</arg>
<arg>${password}</arg>
<doc>Types the given password into the text field identified by ``locator``.</doc>
<status status="PASS" start="2025-11-18T00:00:57.148383" elapsed="0.357494"/>
</kw>
<arg>lauri5</arg>
<status status="PASS" start="2025-11-18T00:00:57.147383" elapsed="0.358494"/>
</kw>
<kw name="Click Button" owner="SeleniumLibrary">
<msg time="2025-11-18T00:00:57.506889" level="INFO">Clicking button 'Register'.</msg>
<arg>Register</arg>
<doc>Clicks the button identified by ``locator``.</doc>
<status status="PASS" start="2025-11-18T00:00:57.506889" elapsed="1.040435"/>
</kw>
<kw name="Register Should Fail With Message">
<kw name="Register Page Should Be Open" owner="resource">
<kw name="Title Should Be" owner="SeleniumLibrary">
<msg time="2025-11-18T00:00:58.614394" level="INFO">Page title is 'Register'.</msg>
<arg>Register</arg>
<doc>Verifies that the current page title equals ``title``.</doc>
<status status="PASS" start="2025-11-18T00:00:58.550401" elapsed="0.063993"/>
</kw>
<status status="PASS" start="2025-11-18T00:00:58.549403" elapsed="0.065504"/>
</kw>
<kw name="Page Should Contain" owner="SeleniumLibrary">
<msg time="2025-11-18T00:00:58.757572" level="INFO">Current page contains text 'Password too short'.</msg>
<arg>${message}</arg>
<doc>Verifies that current page contains ``text``.</doc>
<status status="PASS" start="2025-11-18T00:00:58.614907" elapsed="0.142665"/>
</kw>
<arg>Password too short</arg>
<status status="PASS" start="2025-11-18T00:00:58.548340" elapsed="0.210248"/>
</kw>
<status status="PASS" start="2025-11-18T00:00:50.253381" elapsed="8.506207"/>
</test>
<test id="s1-s1-s3-t4" name="Register With Valid Username And Invalid Password" line="32">
<kw name="Reset Application Create User And Go To Register Page" type="SETUP">
<kw name="Reset Application" owner="AppLibrary">
<status status="PASS" start="2025-11-18T00:00:58.766076" elapsed="2.071933"/>
</kw>
<kw name="Create User" owner="AppLibrary">
<arg>kalle</arg>
<arg>kalle123</arg>
<status status="PASS" start="2025-11-18T00:01:00.839015" elapsed="4.130815"/>
</kw>
<kw name="Go To Register Page" owner="resource">
<kw name="Go To" owner="SeleniumLibrary">
<msg time="2025-11-18T00:01:04.971829" level="INFO">Opening url 'http://localhost:5001/register'</msg>
<arg>${REGISTER_URL}</arg>
<doc>Navigates the current browser window to the provided ``url``.</doc>
<status status="PASS" start="2025-11-18T00:01:04.971829" elapsed="0.097573"/>
</kw>
<status status="PASS" start="2025-11-18T00:01:04.970831" elapsed="0.098571"/>
</kw>
<status status="PASS" start="2025-11-18T00:00:58.766076" elapsed="6.303326"/>
</kw>
<kw name="Set Username">
<kw name="Input Text" owner="SeleniumLibrary">
<msg time="2025-11-18T00:01:05.069905" level="INFO">Typing text 'lauri' into text field 'username'.</msg>
<arg>username</arg>
<arg>${username}</arg>
<doc>Types the given ``text`` into the text field identified by ``locator``.</doc>
<status status="PASS" start="2025-11-18T00:01:05.069905" elapsed="0.278704"/>
</kw>
<arg>lauri</arg>
<status status="PASS" start="2025-11-18T00:01:05.069905" elapsed="0.279215"/>
</kw>
<kw name="Set Password">
<kw name="Input Password" owner="SeleniumLibrary">
<msg time="2025-11-18T00:01:05.350715" level="INFO">Typing password into text field 'password'.</msg>
<msg time="2025-11-18T00:01:05.583534" level="INFO">Temporally setting log level to: NONE</msg>
<arg>password</arg>
<arg>${password}</arg>
<doc>Types the given password into the text field identified by ``locator``.</doc>
<status status="PASS" start="2025-11-18T00:01:05.350715" elapsed="0.407104"/>
</kw>
<arg>lauriiiii</arg>
<status status="PASS" start="2025-11-18T00:01:05.349629" elapsed="0.408190"/>
</kw>
<kw name="Set Password Confirmation">
<kw name="Input Password" owner="SeleniumLibrary">
<msg time="2025-11-18T00:01:05.758823" level="INFO">Typing password into text field 'password_confirmation'.</msg>
<msg time="2025-11-18T00:01:05.929967" level="INFO">Temporally setting log level to: NONE</msg>
<arg>password_confirmation</arg>
<arg>${password}</arg>
<doc>Types the given password into the text field identified by ``locator``.</doc>
<status status="PASS" start="2025-11-18T00:01:05.758823" elapsed="0.326861"/>
</kw>
<arg>lauriiiii</arg>
<status status="PASS" start="2025-11-18T00:01:05.757819" elapsed="0.327865"/>
</kw>
<kw name="Click Button" owner="SeleniumLibrary">
<msg time="2025-11-18T00:01:06.088294" level="INFO">Clicking button 'Register'.</msg>
<arg>Register</arg>
<doc>Clicks the button identified by ``locator``.</doc>
<status status="PASS" start="2025-11-18T00:01:06.088294" elapsed="1.031771"/>
</kw>
<kw name="Register Should Fail With Message">
<kw name="Register Page Should Be Open" owner="resource">
<kw name="Title Should Be" owner="SeleniumLibrary">
<msg time="2025-11-18T00:01:07.180913" level="INFO">Page title is 'Register'.</msg>
<arg>Register</arg>
<doc>Verifies that the current page title equals ``title``.</doc>
<status status="PASS" start="2025-11-18T00:01:07.121576" elapsed="0.059337"/>
</kw>
<status status="PASS" start="2025-11-18T00:01:07.121576" elapsed="0.059337"/>
</kw>
<kw name="Page Should Contain" owner="SeleniumLibrary">
<msg time="2025-11-18T00:01:07.321810" level="INFO">Current page contains text 'Password must contain letters and numbers'.</msg>
<arg>${message}</arg>
<doc>Verifies that current page contains ``text``.</doc>
<status status="PASS" start="2025-11-18T00:01:07.180913" elapsed="0.140897"/>
</kw>
<arg>Password must contain letters and numbers</arg>
<status status="PASS" start="2025-11-18T00:01:07.120570" elapsed="0.201240"/>
</kw>
<status status="PASS" start="2025-11-18T00:00:58.764135" elapsed="8.559213"/>
</test>
<test id="s1-s1-s3-t5" name="Register With Nonmatching Password And Password Confirmation" line="39">
<kw name="Reset Application Create User And Go To Register Page" type="SETUP">
<kw name="Reset Application" owner="AppLibrary">
<status status="PASS" start="2025-11-18T00:01:07.329474" elapsed="2.041892"/>
</kw>
<kw name="Create User" owner="AppLibrary">
<arg>kalle</arg>
<arg>kalle123</arg>
<status status="PASS" start="2025-11-18T00:01:09.372395" elapsed="4.118465"/>
</kw>
<kw name="Go To Register Page" owner="resource">
<kw name="Go To" owner="SeleniumLibrary">
<msg time="2025-11-18T00:01:13.494282" level="INFO">Opening url 'http://localhost:5001/register'</msg>
<arg>${REGISTER_URL}</arg>
<doc>Navigates the current browser window to the provided ``url``.</doc>
<status status="PASS" start="2025-11-18T00:01:13.493297" elapsed="0.088371"/>
</kw>
<status status="PASS" start="2025-11-18T00:01:13.491860" elapsed="0.089808"/>
</kw>
<status status="PASS" start="2025-11-18T00:01:07.328475" elapsed="6.253193"/>
</kw>
<kw name="Set Username">
<kw name="Input Text" owner="SeleniumLibrary">
<msg time="2025-11-18T00:01:13.584720" level="INFO">Typing text 'lauri' into text field 'username'.</msg>
<arg>username</arg>
<arg>${username}</arg>
<doc>Types the given ``text`` into the text field identified by ``locator``.</doc>
<status status="PASS" start="2025-11-18T00:01:13.583706" elapsed="0.370145"/>
</kw>
<arg>lauri</arg>
<status status="PASS" start="2025-11-18T00:01:13.582711" elapsed="0.372142"/>
</kw>
<kw name="Set Password">
<kw name="Input Password" owner="SeleniumLibrary">
<msg time="2025-11-18T00:01:13.956853" level="INFO">Typing password into text field 'password'.</msg>
<msg time="2025-11-18T00:01:14.126430" level="INFO">Temporally setting log level to: NONE</msg>
<arg>password</arg>
<arg>${password}</arg>
<doc>Types the given password into the text field identified by ``locator``.</doc>
<status status="PASS" start="2025-11-18T00:01:13.955852" elapsed="0.335920"/>
</kw>
<arg>lauri123</arg>
<status status="PASS" start="2025-11-18T00:01:13.954853" elapsed="0.337932"/>
</kw>
<kw name="Set Password Confirmation">
<kw name="Input Password" owner="SeleniumLibrary">
<msg time="2025-11-18T00:01:14.294793" level="INFO">Typing password into text field 'password_confirmation'.</msg>
<msg time="2025-11-18T00:01:14.471194" level="INFO">Temporally setting log level to: NONE</msg>
<arg>password_confirmation</arg>
<arg>${password}</arg>
<doc>Types the given password into the text field identified by ``locator``.</doc>
<status status="PASS" start="2025-11-18T00:01:14.293781" elapsed="0.349184"/>
</kw>
<arg>lauri574</arg>
<status status="PASS" start="2025-11-18T00:01:14.292785" elapsed="0.351199"/>
</kw>
<kw name="Click Button" owner="SeleniumLibrary">
<msg time="2025-11-18T00:01:14.646007" level="INFO">Clicking button 'Register'.</msg>
<arg>Register</arg>
<doc>Clicks the button identified by ``locator``.</doc>
<status status="PASS" start="2025-11-18T00:01:14.645022" elapsed="1.039318"/>
</kw>
<kw name="Register Should Fail With Message">
<kw name="Register Page Should Be Open" owner="resource">
<kw name="Title Should Be" owner="SeleniumLibrary">
<msg time="2025-11-18T00:01:15.755127" level="INFO">Page title is 'Register'.</msg>
<arg>Register</arg>
<doc>Verifies that the current page title equals ``title``.</doc>
<status status="PASS" start="2025-11-18T00:01:15.688575" elapsed="0.066552"/>
</kw>
<status status="PASS" start="2025-11-18T00:01:15.686349" elapsed="0.068778"/>
</kw>
<kw name="Page Should Contain" owner="SeleniumLibrary">
<msg time="2025-11-18T00:01:15.917545" level="INFO">Current page contains text 'Passwords do not match'.</msg>
<arg>${message}</arg>
<doc>Verifies that current page contains ``text``.</doc>
<status status="PASS" start="2025-11-18T00:01:15.756134" elapsed="0.161411"/>
</kw>
<arg>Passwords do not match</arg>
<status status="PASS" start="2025-11-18T00:01:15.685350" elapsed="0.233214"/>
</kw>
<status status="PASS" start="2025-11-18T00:01:07.324360" elapsed="8.594204"/>
</test>
<test id="s1-s1-s3-t6" name="Register With Username That Is Already In Use" line="46">
<kw name="Reset Application Create User And Go To Register Page" type="SETUP">
<kw name="Reset Application" owner="AppLibrary">
<status status="PASS" start="2025-11-18T00:01:15.921615" elapsed="2.061863"/>
</kw>
<kw name="Create User" owner="AppLibrary">
<arg>kalle</arg>
<arg>kalle123</arg>
<status status="PASS" start="2025-11-18T00:01:17.984577" elapsed="4.138114"/>
</kw>
<kw name="Go To Register Page" owner="resource">
<kw name="Go To" owner="SeleniumLibrary">
<msg time="2025-11-18T00:01:22.125723" level="INFO">Opening url 'http://localhost:5001/register'</msg>
<arg>${REGISTER_URL}</arg>
<doc>Navigates the current browser window to the provided ``url``.</doc>
<status status="PASS" start="2025-11-18T00:01:22.125723" elapsed="0.073365"/>
</kw>
<status status="PASS" start="2025-11-18T00:01:22.123737" elapsed="0.075863"/>
</kw>
<status status="PASS" start="2025-11-18T00:01:15.920626" elapsed="6.278974"/>
</kw>
<kw name="Set Username">
<kw name="Input Text" owner="SeleniumLibrary">
<msg time="2025-11-18T00:01:22.200669" level="INFO">Typing text 'lauri' into text field 'username'.</msg>
<arg>username</arg>
<arg>${username}</arg>
<doc>Types the given ``text`` into the text field identified by ``locator``.</doc>
<status status="PASS" start="2025-11-18T00:01:22.200669" elapsed="0.343589"/>
</kw>
<arg>lauri</arg>
<status status="PASS" start="2025-11-18T00:01:22.200669" elapsed="0.344096"/>
</kw>
<kw name="Set Password">
<kw name="Input Password" owner="SeleniumLibrary">
<msg time="2025-11-18T00:01:22.546802" level="INFO">Typing password into text field 'password'.</msg>
<msg time="2025-11-18T00:01:22.733594" level="INFO">Temporally setting log level to: NONE</msg>
<arg>password</arg>
<arg>${password}</arg>
<doc>Types the given password into the text field identified by ``locator``.</doc>
<status status="PASS" start="2025-11-18T00:01:22.545801" elapsed="0.361352"/>
</kw>
<arg>lauri574</arg>
<status status="PASS" start="2025-11-18T00:01:22.545801" elapsed="0.361352"/>
</kw>
<kw name="Set Password Confirmation">
<kw name="Input Password" owner="SeleniumLibrary">
<msg time="2025-11-18T00:01:22.909164" level="INFO">Typing password into text field 'password_confirmation'.</msg>
<msg time="2025-11-18T00:01:23.107924" level="INFO">Temporally setting log level to: NONE</msg>
<arg>password_confirmation</arg>
<arg>${password}</arg>
<doc>Types the given password into the text field identified by ``locator``.</doc>
<status status="PASS" start="2025-11-18T00:01:22.909164" elapsed="0.362941"/>
</kw>
<arg>lauri574</arg>
<status status="PASS" start="2025-11-18T00:01:22.908167" elapsed="0.363938"/>
</kw>
<kw name="Click Button" owner="SeleniumLibrary">
<msg time="2025-11-18T00:01:23.273112" level="INFO">Clicking button 'Register'.</msg>
<arg>Register</arg>
<doc>Clicks the button identified by ``locator``.</doc>
<status status="PASS" start="2025-11-18T00:01:23.273112" elapsed="0.980088"/>
</kw>
<kw name="Register Should Succeed">
<kw name="Welcome Page Should Be Open" owner="resource">
<kw name="Title Should Be" owner="SeleniumLibrary">
<msg time="2025-11-18T00:01:24.316436" level="INFO">Page title is 'Welcome to Ohtu Application!'.</msg>
<arg>Welcome to Ohtu Application!</arg>
<doc>Verifies that the current page title equals ``title``.</doc>
<status status="PASS" start="2025-11-18T00:01:24.254239" elapsed="0.062197"/>
</kw>
<status status="PASS" start="2025-11-18T00:01:24.254239" elapsed="0.062197"/>
</kw>
<status status="PASS" start="2025-11-18T00:01:24.253200" elapsed="0.063236"/>
</kw>
<kw name="Go To Register Page" owner="resource">
<kw name="Go To" owner="SeleniumLibrary">
<msg time="2025-11-18T00:01:24.317883" level="INFO">Opening url 'http://localhost:5001/register'</msg>
<arg>${REGISTER_URL}</arg>
<doc>Navigates the current browser window to the provided ``url``.</doc>
<status status="PASS" start="2025-11-18T00:01:24.317883" elapsed="0.102466"/>
</kw>
<status status="PASS" start="2025-11-18T00:01:24.317883" elapsed="0.102466"/>
</kw>
<kw name="Set Username">
<kw name="Input Text" owner="SeleniumLibrary">
<msg time="2025-11-18T00:01:24.423355" level="INFO">Typing text 'lauri' into text field 'username'.</msg>
<arg>username</arg>
<arg>${username}</arg>
<doc>Types the given ``text`` into the text field identified by ``locator``.</doc>
<status status="PASS" start="2025-11-18T00:01:24.422356" elapsed="0.347657"/>
</kw>
<arg>lauri</arg>
<status status="PASS" start="2025-11-18T00:01:24.421356" elapsed="0.349171"/>
</kw>
<kw name="Set Password">
<kw name="Input Password" owner="SeleniumLibrary">
<msg time="2025-11-18T00:01:24.772559" level="INFO">Typing password into text field 'password'.</msg>
<msg time="2025-11-18T00:01:24.979827" level="INFO">Temporally setting log level to: NONE</msg>
<arg>password</arg>
<arg>${password}</arg>
<doc>Types the given password into the text field identified by ``locator``.</doc>
<status status="PASS" start="2025-11-18T00:01:24.772559" elapsed="0.317905"/>
</kw>
<arg>lauri574</arg>
<status status="PASS" start="2025-11-18T00:01:24.771536" elapsed="0.318928"/>
</kw>
<kw name="Set Password Confirmation">
<kw name="Input Password" owner="SeleniumLibrary">
<msg time="2025-11-18T00:01:25.102464" level="INFO">Typing password into text field 'password_confirmation'.</msg>
<msg time="2025-11-18T00:01:25.260767" level="INFO">Temporally setting log level to: NONE</msg>
<arg>password_confirmation</arg>
<arg>${password}</arg>
<doc>Types the given password into the text field identified by ``locator``.</doc>
<status status="PASS" start="2025-11-18T00:01:25.102464" elapsed="0.332012"/>
</kw>
<arg>lauri574</arg>
<status status="PASS" start="2025-11-18T00:01:25.101464" elapsed="0.333012"/>
</kw>
<kw name="Click Button" owner="SeleniumLibrary">
<msg time="2025-11-18T00:01:25.438632" level="INFO">Clicking button 'Register'.</msg>
<arg>Register</arg>
<doc>Clicks the button identified by ``locator``.</doc>
<status status="PASS" start="2025-11-18T00:01:25.436492" elapsed="1.022144"/>
</kw>
<kw name="Register Should Fail With Message">
<kw name="Register Page Should Be Open" owner="resource">
<kw name="Title Should Be" owner="SeleniumLibrary">
<msg time="2025-11-18T00:01:26.525181" level="INFO">Page title is 'Register'.</msg>
<arg>Register</arg>
<doc>Verifies that the current page title equals ``title``.</doc>
<status status="PASS" start="2025-11-18T00:01:26.462047" elapsed="0.063134"/>
</kw>
<status status="PASS" start="2025-11-18T00:01:26.460710" elapsed="0.064471"/>
</kw>
<kw name="Page Should Contain" owner="SeleniumLibrary">
<msg time="2025-11-18T00:01:26.649686" level="INFO">Current page contains text 'User with username lauri already exists'.</msg>
<arg>${message}</arg>
<doc>Verifies that current page contains ``text``.</doc>
<status status="PASS" start="2025-11-18T00:01:26.526193" elapsed="0.123493"/>
</kw>
<arg>User with username lauri already exists</arg>
<status status="PASS" start="2025-11-18T00:01:26.459711" elapsed="0.189975"/>
</kw>
<status status="PASS" start="2025-11-18T00:01:15.919629" elapsed="10.731062"/>
</test>
<kw name="Close Browser" owner="SeleniumLibrary" type="TEARDOWN">
<doc>Closes the current browser.</doc>
<status status="PASS" start="2025-11-18T00:01:26.651691" elapsed="2.265051"/>
</kw>
<status status="PASS" start="2025-11-18T00:00:31.693911" elapsed="57.222831"/>
</suite>
<status status="PASS" start="2025-11-17T23:59:53.661046" elapsed="95.259045"/>
</suite>
<status status="PASS" start="2025-11-17T23:59:53.601789" elapsed="95.321459"/>
</suite>
<statistics>
<total>
<stat pass="11" fail="0" skip="0">All Tests</stat>
</total>
<tag>
</tag>
<suite>
<stat name="Src" id="s1" pass="11" fail="0" skip="0">Src</stat>
<stat name="Tests" id="s1-s1" pass="11" fail="0" skip="0">Src.Tests</stat>
<stat name="Home" id="s1-s1-s1" pass="2" fail="0" skip="0">Src.Tests.Home</stat>
<stat name="Login" id="s1-s1-s2" pass="3" fail="0" skip="0">Src.Tests.Login</stat>
<stat name="Register" id="s1-s1-s3" pass="6" fail="0" skip="0">Src.Tests.Register</stat>
</suite>
</statistics>
<errors>
</errors>
</robot>
